<?xml version="1.0" encoding="UTF-8"?>
<testng-results ignored="0" total="1" passed="1" failed="0" skipped="0">
  <reporter-output>
  </reporter-output>
  <suite started-at="2025-02-25T23:24:59 IST" name="Default suite" finished-at="2025-02-25T23:25:24 IST" duration-ms="24955">
    <groups>
    </groups>
    <test started-at="2025-02-25T23:24:59 IST" name="Default test" finished-at="2025-02-25T23:25:24 IST" duration-ms="24955">
      <class name="Test.Test">
        <test-method is-config="true" signature="Start_Appium()[pri:0, instance:Test.Test@40f70521]" started-at="2025-02-25T23:24:56 IST" name="Start_Appium" finished-at="2025-02-25T23:24:59 IST" duration-ms="2998" status="PASS">
          <reporter-output>
          </reporter-output>
        </test-method> <!-- Start_Appium -->
        <test-method is-config="true" signature="Set_Up_Report()[pri:0, instance:Test.Test@40f70521]" started-at="2025-02-25T23:24:59 IST" name="Set_Up_Report" finished-at="2025-02-25T23:25:00 IST" duration-ms="125" status="PASS">
          <reporter-output>
          </reporter-output>
        </test-method> <!-- Set_Up_Report -->
        <test-method is-config="true" signature="setupDriver()[pri:0, instance:Test.Test@40f70521]" started-at="2025-02-25T23:25:00 IST" name="setupDriver" finished-at="2025-02-25T23:25:24 IST" duration-ms="24221" status="PASS">
          <reporter-output>
          </reporter-output>
        </test-method> <!-- setupDriver -->
        <test-method signature="Uppersearchbartest()[pri:1, instance:Test.Test@40f70521]" started-at="2025-02-25T23:25:24 IST" name="Uppersearchbartest" description="Checking Search function" finished-at="2025-02-25T23:25:24 IST" duration-ms="12" status="PASS">
          <reporter-output>
          </reporter-output>
        </test-method> <!-- Uppersearchbartest -->
        <test-method is-config="true" signature="End_Test()[pri:0, instance:Test.Test@40f70521]" started-at="2025-02-25T23:25:24 IST" name="End_Test" finished-at="2025-02-25T23:25:24 IST" duration-ms="532" status="PASS">
          <reporter-output>
          </reporter-output>
        </test-method> <!-- End_Test -->
        <test-method is-config="true" signature="CloseService()[pri:0, instance:Test.Test@40f70521]" started-at="2025-02-25T23:25:24 IST" name="CloseService" finished-at="2025-02-25T23:25:24 IST" duration-ms="6" status="PASS">
          <reporter-output>
          </reporter-output>
        </test-method> <!-- CloseService -->
      </class> <!-- Test.Test -->
    </test> <!-- Default test -->
  </suite> <!-- Default suite -->
</testng-results>
